C:\SECRET DATA\PROJECTS\IVMULTIPLAYER-NEW\NETWORK\CORE\DEBUG\STRINGCOMPRESSOR.OBJ
C:\SECRET DATA\PROJECTS\IVMULTIPLAYER-NEW\NETWORK\CORE\DEBUG\STRINGTABLE.OBJ
C:\SECRET DATA\PROJECTS\IVMULTIPLAYER-NEW\NETWORK\CORE\DEBUG\SUPERFASTHASH.OBJ
C:\SECRET DATA\PROJECTS\IVMULTIPLAYER-NEW\NETWORK\CORE\DEBUG\TABLESERIALIZER.OBJ
C:\SECRET DATA\PROJECTS\IVMULTIPLAYER-NEW\NETWORK\CORE\DEBUG\TCPINTERFACE.OBJ
C:\SECRET DATA\PROJECTS\IVMULTIPLAYER-NEW\NETWORK\CORE\DEBUG\TEAMBALANCER.OBJ
C:\SECRET DATA\PROJECTS\IVMULTIPLAYER-NEW\NETWORK\CORE\DEBUG\TEAMMANAGER.OBJ
C:\SECRET DATA\PROJECTS\IVMULTIPLAYER-NEW\NETWORK\CORE\DEBUG\TELNETTRANSPORT.OBJ
C:\SECRET DATA\PROJECTS\IVMULTIPLAYER-NEW\NETWORK\CORE\DEBUG\THREADSAFEPACKETLOGGER.OBJ
C:\SECRET DATA\PROJECTS\IVMULTIPLAYER-NEW\NETWORK\CORE\DEBUG\TWOWAYAUTHENTICATION.OBJ
C:\SECRET DATA\PROJECTS\IVMULTIPLAYER-NEW\NETWORK\CORE\DEBUG\UDPFORWARDER.OBJ
C:\SECRET DATA\PROJECTS\IVMULTIPLAYER-NEW\NETWORK\CORE\DEBUG\UDPPROXYCLIENT.OBJ
C:\SECRET DATA\PROJECTS\IVMULTIPLAYER-NEW\NETWORK\CORE\DEBUG\UDPPROXYCOORDINATOR.OBJ
C:\SECRET DATA\PROJECTS\IVMULTIPLAYER-NEW\NETWORK\CORE\DEBUG\UDPPROXYSERVER.OBJ
C:\SECRET DATA\PROJECTS\IVMULTIPLAYER-NEW\NETWORK\CORE\DEBUG\VARIABLEDELTASERIALIZER.OBJ
C:\SECRET DATA\PROJECTS\IVMULTIPLAYER-NEW\NETWORK\CORE\DEBUG\VARIABLELISTDELTATRACKER.OBJ
C:\SECRET DATA\PROJECTS\IVMULTIPLAYER-NEW\NETWORK\CORE\DEBUG\VARIADICSQLPARSER.OBJ
C:\SECRET DATA\PROJECTS\IVMULTIPLAYER-NEW\NETWORK\CORE\DEBUG\VITAINCLUDES.OBJ
C:\SECRET DATA\PROJECTS\IVMULTIPLAYER-NEW\NETWORK\CORE\DEBUG\WSASTARTUPSINGLETON.OBJ
C:\SECRET DATA\PROJECTS\IVMULTIPLAYER-NEW\NETWORK\CORE\DEBUG\_FINDFIRST.OBJ
C:\SECRET DATA\PROJECTS\IVMULTIPLAYER-NEW\NETWORK\CORE\DEBUG\RAKNETTYPES.OBJ
C:\SECRET DATA\PROJECTS\IVMULTIPLAYER-NEW\NETWORK\CORE\DEBUG\RAKPEER.OBJ
C:\SECRET DATA\PROJECTS\IVMULTIPLAYER-NEW\NETWORK\CORE\DEBUG\RAKSLEEP.OBJ
C:\SECRET DATA\PROJECTS\IVMULTIPLAYER-NEW\NETWORK\CORE\DEBUG\RAKSTRING.OBJ
C:\SECRET DATA\PROJECTS\IVMULTIPLAYER-NEW\NETWORK\CORE\DEBUG\RAKTHREAD.OBJ
C:\SECRET DATA\PROJECTS\IVMULTIPLAYER-NEW\NETWORK\CORE\DEBUG\RAKWSTRING.OBJ
C:\SECRET DATA\PROJECTS\IVMULTIPLAYER-NEW\NETWORK\CORE\DEBUG\RAND.OBJ
C:\SECRET DATA\PROJECTS\IVMULTIPLAYER-NEW\NETWORK\CORE\DEBUG\RANDSYNC.OBJ
C:\SECRET DATA\PROJECTS\IVMULTIPLAYER-NEW\NETWORK\CORE\DEBUG\READYEVENT.OBJ
C:\SECRET DATA\PROJECTS\IVMULTIPLAYER-NEW\NETWORK\CORE\DEBUG\RELAYPLUGIN.OBJ
C:\SECRET DATA\PROJECTS\IVMULTIPLAYER-NEW\NETWORK\CORE\DEBUG\RELIABILITYLAYER.OBJ
C:\SECRET DATA\PROJECTS\IVMULTIPLAYER-NEW\NETWORK\CORE\DEBUG\REPLICAMANAGER3.OBJ
C:\SECRET DATA\PROJECTS\IVMULTIPLAYER-NEW\NETWORK\CORE\DEBUG\ROUTER2.OBJ
C:\SECRET DATA\PROJECTS\IVMULTIPLAYER-NEW\NETWORK\CORE\DEBUG\RPC4PLUGIN.OBJ
C:\SECRET DATA\PROJECTS\IVMULTIPLAYER-NEW\NETWORK\CORE\DEBUG\SECUREHANDSHAKE.OBJ
C:\SECRET DATA\PROJECTS\IVMULTIPLAYER-NEW\NETWORK\CORE\DEBUG\SENDTOTHREAD.OBJ
C:\SECRET DATA\PROJECTS\IVMULTIPLAYER-NEW\NETWORK\CORE\DEBUG\SIGNALEDEVENT.OBJ
C:\SECRET DATA\PROJECTS\IVMULTIPLAYER-NEW\NETWORK\CORE\DEBUG\SIMPLEMUTEX.OBJ
C:\SECRET DATA\PROJECTS\IVMULTIPLAYER-NEW\NETWORK\CORE\DEBUG\SOCKETLAYER.OBJ
C:\SECRET DATA\PROJECTS\IVMULTIPLAYER-NEW\NETWORK\CORE\DEBUG\STATISTICSHISTORY.OBJ
C:\SECRET DATA\PROJECTS\IVMULTIPLAYER-NEW\NETWORK\CORE\DEBUG\PACKETOUTPUTWINDOWLOGGER.OBJ
C:\SECRET DATA\PROJECTS\IVMULTIPLAYER-NEW\NETWORK\CORE\DEBUG\PLUGININTERFACE2.OBJ
C:\SECRET DATA\PROJECTS\IVMULTIPLAYER-NEW\NETWORK\CORE\DEBUG\PS4INCLUDES.OBJ
C:\SECRET DATA\PROJECTS\IVMULTIPLAYER-NEW\NETWORK\CORE\DEBUG\RACKSPACE.OBJ
C:\SECRET DATA\PROJECTS\IVMULTIPLAYER-NEW\NETWORK\CORE\DEBUG\RAKMEMORYOVERRIDE.OBJ
C:\SECRET DATA\PROJECTS\IVMULTIPLAYER-NEW\NETWORK\CORE\DEBUG\RAKNETCOMMANDPARSER.OBJ
C:\SECRET DATA\PROJECTS\IVMULTIPLAYER-NEW\NETWORK\CORE\DEBUG\RAKNETSOCKET.OBJ
C:\SECRET DATA\PROJECTS\IVMULTIPLAYER-NEW\NETWORK\CORE\DEBUG\RAKNETSOCKET2.OBJ
C:\SECRET DATA\PROJECTS\IVMULTIPLAYER-NEW\NETWORK\CORE\DEBUG\RAKNETSOCKET2_360_720.OBJ
C:\SECRET DATA\PROJECTS\IVMULTIPLAYER-NEW\NETWORK\CORE\DEBUG\RAKNETSOCKET2_BERKLEY.OBJ
C:\SECRET DATA\PROJECTS\IVMULTIPLAYER-NEW\NETWORK\CORE\DEBUG\RAKNETSOCKET2_BERKLEY_NATIVECLIENT.OBJ
C:\SECRET DATA\PROJECTS\IVMULTIPLAYER-NEW\NETWORK\CORE\DEBUG\RAKNETSOCKET2_NATIVECLIENT.OBJ
C:\SECRET DATA\PROJECTS\IVMULTIPLAYER-NEW\NETWORK\CORE\DEBUG\RAKNETSOCKET2_PS3_PS4.OBJ
C:\SECRET DATA\PROJECTS\IVMULTIPLAYER-NEW\NETWORK\CORE\DEBUG\RAKNETSOCKET2_PS4.OBJ
C:\SECRET DATA\PROJECTS\IVMULTIPLAYER-NEW\NETWORK\CORE\DEBUG\RAKNETSOCKET2_VITA.OBJ
C:\SECRET DATA\PROJECTS\IVMULTIPLAYER-NEW\NETWORK\CORE\DEBUG\RAKNETSOCKET2_WINDOWSSTORE8.OBJ
C:\SECRET DATA\PROJECTS\IVMULTIPLAYER-NEW\NETWORK\CORE\DEBUG\RAKNETSOCKET2_WINDOWS_LINUX.OBJ
C:\SECRET DATA\PROJECTS\IVMULTIPLAYER-NEW\NETWORK\CORE\DEBUG\RAKNETSOCKET2_WINDOWS_LINUX_360.OBJ
C:\SECRET DATA\PROJECTS\IVMULTIPLAYER-NEW\NETWORK\CORE\DEBUG\RAKNETSTATISTICS.OBJ
C:\SECRET DATA\PROJECTS\IVMULTIPLAYER-NEW\NETWORK\CORE\DEBUG\RAKNETTRANSPORT2.OBJ
C:\SECRET DATA\PROJECTS\IVMULTIPLAYER-NEW\NETWORK\CORE\DEBUG\GRIDSECTORIZER.OBJ
C:\SECRET DATA\PROJECTS\IVMULTIPLAYER-NEW\NETWORK\CORE\DEBUG\HTTPCONNECTION.OBJ
C:\SECRET DATA\PROJECTS\IVMULTIPLAYER-NEW\NETWORK\CORE\DEBUG\HTTPCONNECTION2.OBJ
C:\SECRET DATA\PROJECTS\IVMULTIPLAYER-NEW\NETWORK\CORE\DEBUG\INCREMENTALREADINTERFACE.OBJ
C:\SECRET DATA\PROJECTS\IVMULTIPLAYER-NEW\NETWORK\CORE\DEBUG\ITOA.OBJ
C:\SECRET DATA\PROJECTS\IVMULTIPLAYER-NEW\NETWORK\CORE\DEBUG\LINUXSTRINGS.OBJ
C:\SECRET DATA\PROJECTS\IVMULTIPLAYER-NEW\NETWORK\CORE\DEBUG\LOCKLESSTYPES.OBJ
C:\SECRET DATA\PROJECTS\IVMULTIPLAYER-NEW\NETWORK\CORE\DEBUG\LOGCOMMANDPARSER.OBJ
C:\SECRET DATA\PROJECTS\IVMULTIPLAYER-NEW\NETWORK\CORE\DEBUG\MESSAGEFILTER.OBJ
C:\SECRET DATA\PROJECTS\IVMULTIPLAYER-NEW\NETWORK\CORE\DEBUG\NATPUNCHTHROUGHCLIENT.OBJ
C:\SECRET DATA\PROJECTS\IVMULTIPLAYER-NEW\NETWORK\CORE\DEBUG\NATPUNCHTHROUGHSERVER.OBJ
C:\SECRET DATA\PROJECTS\IVMULTIPLAYER-NEW\NETWORK\CORE\DEBUG\NATTYPEDETECTIONCLIENT.OBJ
C:\SECRET DATA\PROJECTS\IVMULTIPLAYER-NEW\NETWORK\CORE\DEBUG\NATTYPEDETECTIONCOMMON.OBJ
C:\SECRET DATA\PROJECTS\IVMULTIPLAYER-NEW\NETWORK\CORE\DEBUG\NATTYPEDETECTIONSERVER.OBJ
C:\SECRET DATA\PROJECTS\IVMULTIPLAYER-NEW\NETWORK\CORE\DEBUG\NETWORKIDMANAGER.OBJ
C:\SECRET DATA\PROJECTS\IVMULTIPLAYER-NEW\NETWORK\CORE\DEBUG\NETWORKIDOBJECT.OBJ
C:\SECRET DATA\PROJECTS\IVMULTIPLAYER-NEW\NETWORK\CORE\DEBUG\PACKETCONSOLELOGGER.OBJ
C:\SECRET DATA\PROJECTS\IVMULTIPLAYER-NEW\NETWORK\CORE\DEBUG\PACKETFILELOGGER.OBJ
C:\SECRET DATA\PROJECTS\IVMULTIPLAYER-NEW\NETWORK\CORE\DEBUG\PACKETIZEDTCP.OBJ
C:\SECRET DATA\PROJECTS\IVMULTIPLAYER-NEW\NETWORK\CORE\DEBUG\PACKETLOGGER.OBJ
C:\SECRET DATA\PROJECTS\IVMULTIPLAYER-NEW\NETWORK\CORE\DEBUG\CONSOLESERVER.OBJ
C:\SECRET DATA\PROJECTS\IVMULTIPLAYER-NEW\NETWORK\CORE\DEBUG\DATACOMPRESSOR.OBJ
C:\SECRET DATA\PROJECTS\IVMULTIPLAYER-NEW\NETWORK\CORE\DEBUG\DIRECTORYDELTATRANSFER.OBJ
C:\SECRET DATA\PROJECTS\IVMULTIPLAYER-NEW\NETWORK\CORE\DEBUG\DR_SHA1.OBJ
C:\SECRET DATA\PROJECTS\IVMULTIPLAYER-NEW\NETWORK\CORE\DEBUG\DS_BYTEPOOL.OBJ
C:\SECRET DATA\PROJECTS\IVMULTIPLAYER-NEW\NETWORK\CORE\DEBUG\DS_BYTEQUEUE.OBJ
C:\SECRET DATA\PROJECTS\IVMULTIPLAYER-NEW\NETWORK\CORE\DEBUG\DS_HUFFMANENCODINGTREE.OBJ
C:\SECRET DATA\PROJECTS\IVMULTIPLAYER-NEW\NETWORK\CORE\DEBUG\DS_TABLE.OBJ
C:\SECRET DATA\PROJECTS\IVMULTIPLAYER-NEW\NETWORK\CORE\DEBUG\DYNDNS.OBJ
C:\SECRET DATA\PROJECTS\IVMULTIPLAYER-NEW\NETWORK\CORE\DEBUG\EMAILSENDER.OBJ
C:\SECRET DATA\PROJECTS\IVMULTIPLAYER-NEW\NETWORK\CORE\DEBUG\EPOCHTIMETOSTRING.OBJ
C:\SECRET DATA\PROJECTS\IVMULTIPLAYER-NEW\NETWORK\CORE\DEBUG\FILELIST.OBJ
C:\SECRET DATA\PROJECTS\IVMULTIPLAYER-NEW\NETWORK\CORE\DEBUG\FILELISTTRANSFER.OBJ
C:\SECRET DATA\PROJECTS\IVMULTIPLAYER-NEW\NETWORK\CORE\DEBUG\FILEOPERATIONS.OBJ
C:\SECRET DATA\PROJECTS\IVMULTIPLAYER-NEW\NETWORK\CORE\DEBUG\FORMATSTRING.OBJ
C:\SECRET DATA\PROJECTS\IVMULTIPLAYER-NEW\NETWORK\CORE\DEBUG\FULLYCONNECTEDMESH2.OBJ
C:\SECRET DATA\PROJECTS\IVMULTIPLAYER-NEW\NETWORK\CORE\DEBUG\GETCHE.OBJ
C:\SECRET DATA\PROJECTS\IVMULTIPLAYER-NEW\NETWORK\CORE\DEBUG\GETS.OBJ
C:\SECRET DATA\PROJECTS\IVMULTIPLAYER-NEW\NETWORK\CORE\DEBUG\GETTIME.OBJ
C:\SECRET DATA\PROJECTS\IVMULTIPLAYER-NEW\NETWORK\CORE\DEBUG\GETTIMEOFDAY.OBJ
C:\SECRET DATA\PROJECTS\IVMULTIPLAYER-NEW\NETWORK\CORE\DEBUG\CNETWORKSERVER.OBJ
C:\SECRET DATA\PROJECTS\IVMULTIPLAYER-NEW\NETWORK\CORE\DEBUG\BASE64ENCODER.OBJ
C:\SECRET DATA\PROJECTS\IVMULTIPLAYER-NEW\NETWORK\CORE\DEBUG\BITSTREAM.OBJ
C:\SECRET DATA\PROJECTS\IVMULTIPLAYER-NEW\NETWORK\CORE\DEBUG\CCRAKNETSLIDINGWINDOW.OBJ
C:\SECRET DATA\PROJECTS\IVMULTIPLAYER-NEW\NETWORK\CORE\DEBUG\CCRAKNETUDT.OBJ
C:\SECRET DATA\PROJECTS\IVMULTIPLAYER-NEW\NETWORK\CORE\DEBUG\CHECKSUM.OBJ
C:\SECRET DATA\PROJECTS\IVMULTIPLAYER-NEW\NETWORK\CORE\DEBUG\CLOUDCLIENT.OBJ
C:\SECRET DATA\PROJECTS\IVMULTIPLAYER-NEW\NETWORK\CORE\DEBUG\CLOUDCOMMON.OBJ
C:\SECRET DATA\PROJECTS\IVMULTIPLAYER-NEW\NETWORK\CORE\DEBUG\CLOUDSERVER.OBJ
C:\SECRET DATA\PROJECTS\IVMULTIPLAYER-NEW\NETWORK\CORE\DEBUG\COMMANDPARSERINTERFACE.OBJ
C:\SECRET DATA\PROJECTS\IVMULTIPLAYER-NEW\NETWORK\CORE\DEBUG\CONNECTIONGRAPH2.OBJ
C:\SECRET DATA\PROJECTS\IVMULTIPLAYER-NEW\NETWORK\CORE\DEBUG\VC110.PDB
C:\SECRET DATA\PROJECTS\IVMULTIPLAYER-NEW\BINARY\DEBUG\NETWORK.CORE.LIB
C:\Secret Data\Projects\ivmultiplayer-new\Network\Core\Debug\Base64Encoder.obj
C:\Secret Data\Projects\ivmultiplayer-new\Network\Core\Debug\BitStream.obj
C:\Secret Data\Projects\ivmultiplayer-new\Network\Core\Debug\CCRakNetSlidingWindow.obj
C:\Secret Data\Projects\ivmultiplayer-new\Network\Core\Debug\CCRakNetUDT.obj
C:\Secret Data\Projects\ivmultiplayer-new\Network\Core\Debug\CheckSum.obj
C:\Secret Data\Projects\ivmultiplayer-new\Network\Core\Debug\CloudClient.obj
C:\Secret Data\Projects\ivmultiplayer-new\Network\Core\Debug\CloudCommon.obj
C:\Secret Data\Projects\ivmultiplayer-new\Network\Core\Debug\CloudServer.obj
C:\Secret Data\Projects\ivmultiplayer-new\Network\Core\Debug\CNetworkServer.obj
C:\Secret Data\Projects\ivmultiplayer-new\Network\Core\Debug\CommandParserInterface.obj
C:\Secret Data\Projects\ivmultiplayer-new\Network\Core\Debug\ConnectionGraph2.obj
C:\Secret Data\Projects\ivmultiplayer-new\Network\Core\Debug\ConsoleServer.obj
C:\Secret Data\Projects\ivmultiplayer-new\Network\Core\Debug\DataCompressor.obj
C:\Secret Data\Projects\ivmultiplayer-new\Network\Core\Debug\DirectoryDeltaTransfer.obj
C:\Secret Data\Projects\ivmultiplayer-new\Network\Core\Debug\DR_SHA1.obj
C:\Secret Data\Projects\ivmultiplayer-new\Network\Core\Debug\DS_BytePool.obj
C:\Secret Data\Projects\ivmultiplayer-new\Network\Core\Debug\DS_ByteQueue.obj
C:\Secret Data\Projects\ivmultiplayer-new\Network\Core\Debug\DS_HuffmanEncodingTree.obj
C:\Secret Data\Projects\ivmultiplayer-new\Network\Core\Debug\DS_Table.obj
C:\Secret Data\Projects\ivmultiplayer-new\Network\Core\Debug\DynDNS.obj
C:\Secret Data\Projects\ivmultiplayer-new\Network\Core\Debug\EmailSender.obj
C:\Secret Data\Projects\ivmultiplayer-new\Network\Core\Debug\EpochTimeToString.obj
C:\Secret Data\Projects\ivmultiplayer-new\Network\Core\Debug\FileList.obj
C:\Secret Data\Projects\ivmultiplayer-new\Network\Core\Debug\FileListTransfer.obj
C:\Secret Data\Projects\ivmultiplayer-new\Network\Core\Debug\FileOperations.obj
C:\Secret Data\Projects\ivmultiplayer-new\Network\Core\Debug\FormatString.obj
C:\Secret Data\Projects\ivmultiplayer-new\Network\Core\Debug\FullyConnectedMesh2.obj
C:\Secret Data\Projects\ivmultiplayer-new\Network\Core\Debug\Getche.obj
C:\Secret Data\Projects\ivmultiplayer-new\Network\Core\Debug\Gets.obj
C:\Secret Data\Projects\ivmultiplayer-new\Network\Core\Debug\GetTime.obj
C:\Secret Data\Projects\ivmultiplayer-new\Network\Core\Debug\gettimeofday.obj
C:\Secret Data\Projects\ivmultiplayer-new\Network\Core\Debug\GridSectorizer.obj
C:\Secret Data\Projects\ivmultiplayer-new\Network\Core\Debug\HTTPConnection.obj
C:\Secret Data\Projects\ivmultiplayer-new\Network\Core\Debug\HTTPConnection2.obj
C:\Secret Data\Projects\ivmultiplayer-new\Network\Core\Debug\IncrementalReadInterface.obj
C:\Secret Data\Projects\ivmultiplayer-new\Network\Core\Debug\Itoa.obj
C:\Secret Data\Projects\ivmultiplayer-new\Network\Core\Debug\LinuxStrings.obj
C:\Secret Data\Projects\ivmultiplayer-new\Network\Core\Debug\LocklessTypes.obj
C:\Secret Data\Projects\ivmultiplayer-new\Network\Core\Debug\LogCommandParser.obj
C:\Secret Data\Projects\ivmultiplayer-new\Network\Core\Debug\MessageFilter.obj
C:\Secret Data\Projects\ivmultiplayer-new\Network\Core\Debug\NatPunchthroughClient.obj
C:\Secret Data\Projects\ivmultiplayer-new\Network\Core\Debug\NatPunchthroughServer.obj
C:\Secret Data\Projects\ivmultiplayer-new\Network\Core\Debug\NatTypeDetectionClient.obj
C:\Secret Data\Projects\ivmultiplayer-new\Network\Core\Debug\NatTypeDetectionCommon.obj
C:\Secret Data\Projects\ivmultiplayer-new\Network\Core\Debug\NatTypeDetectionServer.obj
C:\Secret Data\Projects\ivmultiplayer-new\Network\Core\Debug\NetworkIDManager.obj
C:\Secret Data\Projects\ivmultiplayer-new\Network\Core\Debug\NetworkIDObject.obj
C:\Secret Data\Projects\ivmultiplayer-new\Network\Core\Debug\PacketConsoleLogger.obj
C:\Secret Data\Projects\ivmultiplayer-new\Network\Core\Debug\PacketFileLogger.obj
C:\Secret Data\Projects\ivmultiplayer-new\Network\Core\Debug\PacketizedTCP.obj
C:\Secret Data\Projects\ivmultiplayer-new\Network\Core\Debug\PacketLogger.obj
C:\Secret Data\Projects\ivmultiplayer-new\Network\Core\Debug\PacketOutputWindowLogger.obj
C:\Secret Data\Projects\ivmultiplayer-new\Network\Core\Debug\PluginInterface2.obj
C:\Secret Data\Projects\ivmultiplayer-new\Network\Core\Debug\PS4Includes.obj
C:\Secret Data\Projects\ivmultiplayer-new\Network\Core\Debug\Rackspace.obj
C:\Secret Data\Projects\ivmultiplayer-new\Network\Core\Debug\RakMemoryOverride.obj
C:\Secret Data\Projects\ivmultiplayer-new\Network\Core\Debug\RakNetCommandParser.obj
C:\Secret Data\Projects\ivmultiplayer-new\Network\Core\Debug\RakNetSocket.obj
C:\Secret Data\Projects\ivmultiplayer-new\Network\Core\Debug\RakNetSocket2.obj
C:\Secret Data\Projects\ivmultiplayer-new\Network\Core\Debug\RakNetSocket2_360_720.obj
C:\Secret Data\Projects\ivmultiplayer-new\Network\Core\Debug\RakNetSocket2_Berkley.obj
C:\Secret Data\Projects\ivmultiplayer-new\Network\Core\Debug\RakNetSocket2_Berkley_NativeClient.obj
C:\Secret Data\Projects\ivmultiplayer-new\Network\Core\Debug\RakNetSocket2_NativeClient.obj
C:\Secret Data\Projects\ivmultiplayer-new\Network\Core\Debug\RakNetSocket2_PS3_PS4.obj
C:\Secret Data\Projects\ivmultiplayer-new\Network\Core\Debug\RakNetSocket2_PS4.obj
C:\Secret Data\Projects\ivmultiplayer-new\Network\Core\Debug\RakNetSocket2_Vita.obj
C:\Secret Data\Projects\ivmultiplayer-new\Network\Core\Debug\RakNetSocket2_WindowsStore8.obj
C:\Secret Data\Projects\ivmultiplayer-new\Network\Core\Debug\RakNetSocket2_Windows_Linux.obj
C:\Secret Data\Projects\ivmultiplayer-new\Network\Core\Debug\RakNetSocket2_Windows_Linux_360.obj
C:\Secret Data\Projects\ivmultiplayer-new\Network\Core\Debug\RakNetStatistics.obj
C:\Secret Data\Projects\ivmultiplayer-new\Network\Core\Debug\RakNetTransport2.obj
C:\Secret Data\Projects\ivmultiplayer-new\Network\Core\Debug\RakNetTypes.obj
C:\Secret Data\Projects\ivmultiplayer-new\Network\Core\Debug\RakPeer.obj
C:\Secret Data\Projects\ivmultiplayer-new\Network\Core\Debug\RakSleep.obj
C:\Secret Data\Projects\ivmultiplayer-new\Network\Core\Debug\RakString.obj
C:\Secret Data\Projects\ivmultiplayer-new\Network\Core\Debug\RakThread.obj
C:\Secret Data\Projects\ivmultiplayer-new\Network\Core\Debug\RakWString.obj
C:\Secret Data\Projects\ivmultiplayer-new\Network\Core\Debug\Rand.obj
C:\Secret Data\Projects\ivmultiplayer-new\Network\Core\Debug\RandSync.obj
C:\Secret Data\Projects\ivmultiplayer-new\Network\Core\Debug\ReadyEvent.obj
C:\Secret Data\Projects\ivmultiplayer-new\Network\Core\Debug\RelayPlugin.obj
C:\Secret Data\Projects\ivmultiplayer-new\Network\Core\Debug\ReliabilityLayer.obj
C:\Secret Data\Projects\ivmultiplayer-new\Network\Core\Debug\ReplicaManager3.obj
C:\Secret Data\Projects\ivmultiplayer-new\Network\Core\Debug\Router2.obj
C:\Secret Data\Projects\ivmultiplayer-new\Network\Core\Debug\RPC4Plugin.obj
C:\Secret Data\Projects\ivmultiplayer-new\Network\Core\Debug\SecureHandshake.obj
C:\Secret Data\Projects\ivmultiplayer-new\Network\Core\Debug\SendToThread.obj
C:\Secret Data\Projects\ivmultiplayer-new\Network\Core\Debug\SignaledEvent.obj
C:\Secret Data\Projects\ivmultiplayer-new\Network\Core\Debug\SimpleMutex.obj
C:\Secret Data\Projects\ivmultiplayer-new\Network\Core\Debug\SocketLayer.obj
C:\Secret Data\Projects\ivmultiplayer-new\Network\Core\Debug\StatisticsHistory.obj
C:\Secret Data\Projects\ivmultiplayer-new\Network\Core\Debug\StringCompressor.obj
C:\Secret Data\Projects\ivmultiplayer-new\Network\Core\Debug\StringTable.obj
C:\Secret Data\Projects\ivmultiplayer-new\Network\Core\Debug\SuperFastHash.obj
C:\Secret Data\Projects\ivmultiplayer-new\Network\Core\Debug\TableSerializer.obj
C:\Secret Data\Projects\ivmultiplayer-new\Network\Core\Debug\TCPInterface.obj
C:\Secret Data\Projects\ivmultiplayer-new\Network\Core\Debug\TeamBalancer.obj
C:\Secret Data\Projects\ivmultiplayer-new\Network\Core\Debug\TeamManager.obj
C:\Secret Data\Projects\ivmultiplayer-new\Network\Core\Debug\TelnetTransport.obj
C:\Secret Data\Projects\ivmultiplayer-new\Network\Core\Debug\ThreadsafePacketLogger.obj
C:\Secret Data\Projects\ivmultiplayer-new\Network\Core\Debug\TwoWayAuthentication.obj
C:\Secret Data\Projects\ivmultiplayer-new\Network\Core\Debug\UDPForwarder.obj
C:\Secret Data\Projects\ivmultiplayer-new\Network\Core\Debug\UDPProxyClient.obj
C:\Secret Data\Projects\ivmultiplayer-new\Network\Core\Debug\UDPProxyCoordinator.obj
C:\Secret Data\Projects\ivmultiplayer-new\Network\Core\Debug\UDPProxyServer.obj
C:\Secret Data\Projects\ivmultiplayer-new\Network\Core\Debug\VariableDeltaSerializer.obj
C:\Secret Data\Projects\ivmultiplayer-new\Network\Core\Debug\VariableListDeltaTracker.obj
C:\Secret Data\Projects\ivmultiplayer-new\Network\Core\Debug\VariadicSQLParser.obj
C:\Secret Data\Projects\ivmultiplayer-new\Network\Core\Debug\VitaIncludes.obj
C:\Secret Data\Projects\ivmultiplayer-new\Network\Core\Debug\WSAStartupSingleton.obj
C:\Secret Data\Projects\ivmultiplayer-new\Network\Core\Debug\_FindFirst.obj
C:\Secret Data\Projects\ivmultiplayer-new\Network\Core\Debug\cl.command.1.tlog
C:\Secret Data\Projects\ivmultiplayer-new\Network\Core\Debug\CL.read.1.tlog
C:\Secret Data\Projects\ivmultiplayer-new\Network\Core\Debug\CL.write.1.tlog
C:\Secret Data\Projects\ivmultiplayer-new\Network\Core\Debug\Lib-link.read.1.tlog
C:\Secret Data\Projects\ivmultiplayer-new\Network\Core\Debug\Lib-link.write.1.tlog
C:\Secret Data\Projects\ivmultiplayer-new\Network\Core\Debug\lib.command.1.tlog
C:\Secret Data\Projects\ivmultiplayer-new\Network\Core\Debug\vc110.idb
C:\Secret Data\Projects\ivmultiplayer-new\Network\Core\Debug\vc110.pdb
C:\Secret Data\Projects\ivmultiplayer-new\\Binary\Debug\Network.Core.lib
